

Version:	3.12
CmdLine:	C:\Users\Sebastian\Documents\NetBeansProjects\thelandlord1\exe\TheLandlord.exe --l4j-debug
WOW64:		yes
Working dir:	C:\Users\Sebastian\Documents\NetBeansProjects\thelandlord1\exe\.
Java min ver:	1.008.000_111
Java max ver:	
64-bit search:	SOFTWARE\JavaSoft\Java Runtime Environment...
Check:		SOFTWARE\JavaSoft\Java Runtime Environment\1.8
Ignore:		1.008.000
Check:		SOFTWARE\JavaSoft\Java Runtime Environment\1.8.0_111
Check launcher:	C:\Program Files\Java\jre1.8.0_111\bin\javaw.exe (OK)
Match:		1.008.000_111
Check:		SOFTWARE\JavaSoft\Java Runtime Environment\1.8.0_201
Check launcher:	C:\Program Files\Java\jre1.8.0_201\bin\javaw.exe (OK)
Match:		1.008.000_201
64-bit search:	SOFTWARE\JavaSoft\Java Development Kit...
Check:		SOFTWARE\JavaSoft\Java Development Kit\1.8
Ignore:		1.008.000
Check:		SOFTWARE\JavaSoft\Java Development Kit\1.8.0_111
Ignore:		1.008.000_111
64-bit search:	SOFTWARE\JavaSoft\JRE...
64-bit search:	SOFTWARE\JavaSoft\JDK...
Runtime used:	1.008.000_201 (64-bit)
Launcher:	C:\Program Files\Java\jre1.8.0_201\bin\javaw.exe
Launcher args:	-jar "C:\Users\Sebastian\Documents\NetBeansProjects\thelandlord1\exe\TheLandlord.exe"
Args length:	85/32768 chars
Exit code:	0


Version:	3.12
CmdLine:	C:\Users\Sebastian\Documents\NetBeansProjects\thelandlord1\exe\TheLandlord.exe --l4j-debug
WOW64:		yes
Working dir:	C:\Users\Sebastian\Documents\NetBeansProjects\thelandlord1\exe\.
Java min ver:	1.008.000_111
Java max ver:	
64-bit search:	SOFTWARE\JavaSoft\Java Runtime Environment...
Check:		SOFTWARE\JavaSoft\Java Runtime Environment\1.8
Ignore:		1.008.000
Check:		SOFTWARE\JavaSoft\Java Runtime Environment\1.8.0_111
Check launcher:	C:\Program Files\Java\jre1.8.0_111\bin\javaw.exe (OK)
Match:		1.008.000_111
Check:		SOFTWARE\JavaSoft\Java Runtime Environment\1.8.0_201
Check launcher:	C:\Program Files\Java\jre1.8.0_201\bin\javaw.exe (OK)
Match:		1.008.000_201
64-bit search:	SOFTWARE\JavaSoft\Java Development Kit...
Check:		SOFTWARE\JavaSoft\Java Development Kit\1.8
Ignore:		1.008.000
Check:		SOFTWARE\JavaSoft\Java Development Kit\1.8.0_111
Ignore:		1.008.000_111
64-bit search:	SOFTWARE\JavaSoft\JRE...
64-bit search:	SOFTWARE\JavaSoft\JDK...
Runtime used:	1.008.000_201 (64-bit)
Launcher:	C:\Program Files\Java\jre1.8.0_201\bin\javaw.exe
Launcher args:	-jar "C:\Users\Sebastian\Documents\NetBeansProjects\thelandlord1\exe\TheLandlord.exe"
Args length:	85/32768 chars
Exit code:	0


Version:	3.12
CmdLine:	C:\Users\Sebastian\Documents\NetBeansProjects\thelandlord1\exe\TheLandlord.exe --l4j-debug
WOW64:		yes
Working dir:	C:\Users\Sebastian\Documents\NetBeansProjects\thelandlord1\exe\.
Java min ver:	1.008.000_111
Java max ver:	
64-bit search:	SOFTWARE\JavaSoft\Java Runtime Environment...
Check:		SOFTWARE\JavaSoft\Java Runtime Environment\1.8
Ignore:		1.008.000
Check:		SOFTWARE\JavaSoft\Java Runtime Environment\1.8.0_111
Check launcher:	C:\Program Files\Java\jre1.8.0_111\bin\javaw.exe (OK)
Match:		1.008.000_111
Check:		SOFTWARE\JavaSoft\Java Runtime Environment\1.8.0_201
Check launcher:	C:\Program Files\Java\jre1.8.0_201\bin\javaw.exe (OK)
Match:		1.008.000_201
64-bit search:	SOFTWARE\JavaSoft\Java Development Kit...
Check:		SOFTWARE\JavaSoft\Java Development Kit\1.8
Ignore:		1.008.000
Check:		SOFTWARE\JavaSoft\Java Development Kit\1.8.0_111
Ignore:		1.008.000_111
64-bit search:	SOFTWARE\JavaSoft\JRE...
64-bit search:	SOFTWARE\JavaSoft\JDK...
Runtime used:	1.008.000_201 (64-bit)
Launcher:	C:\Program Files\Java\jre1.8.0_201\bin\javaw.exe
Launcher args:	-jar "C:\Users\Sebastian\Documents\NetBeansProjects\thelandlord1\exe\TheLandlord.exe"
Args length:	85/32768 chars
Exit code:	0


Version:	3.12
CmdLine:	C:\Users\Sebastian\Documents\NetBeansProjects\thelandlord1\exe\TheLandlord.exe --l4j-debug
WOW64:		yes
Working dir:	C:\Users\Sebastian\Documents\NetBeansProjects\thelandlord1\exe\.
Java min ver:	1.008.000_111
Java max ver:	
64-bit search:	SOFTWARE\JavaSoft\Java Runtime Environment...
Check:		SOFTWARE\JavaSoft\Java Runtime Environment\1.8
Ignore:		1.008.000
Check:		SOFTWARE\JavaSoft\Java Runtime Environment\1.8.0_111
Check launcher:	C:\Program Files\Java\jre1.8.0_111\bin\javaw.exe (OK)
Match:		1.008.000_111
Check:		SOFTWARE\JavaSoft\Java Runtime Environment\1.8.0_201
Check launcher:	C:\Program Files\Java\jre1.8.0_201\bin\javaw.exe (OK)
Match:		1.008.000_201
64-bit search:	SOFTWARE\JavaSoft\Java Development Kit...
Check:		SOFTWARE\JavaSoft\Java Development Kit\1.8
Ignore:		1.008.000
Check:		SOFTWARE\JavaSoft\Java Development Kit\1.8.0_111
Ignore:		1.008.000_111
64-bit search:	SOFTWARE\JavaSoft\JRE...
64-bit search:	SOFTWARE\JavaSoft\JDK...
Runtime used:	1.008.000_201 (64-bit)
Launcher:	C:\Program Files\Java\jre1.8.0_201\bin\javaw.exe
Launcher args:	-jar "C:\Users\Sebastian\Documents\NetBeansProjects\thelandlord1\exe\TheLandlord.exe"
Args length:	85/32768 chars
Exit code:	0


Version:	3.12
CmdLine:	C:\Users\Sebastian\Documents\NetBeansProjects\thelandlord1\exe\TheLandlord.exe --l4j-debug
WOW64:		yes
Working dir:	C:\Users\Sebastian\Documents\NetBeansProjects\thelandlord1\exe\.
Java min ver:	1.008.000_111
Java max ver:	
64-bit search:	SOFTWARE\JavaSoft\Java Runtime Environment...
Check:		SOFTWARE\JavaSoft\Java Runtime Environment\1.8
Ignore:		1.008.000
Check:		SOFTWARE\JavaSoft\Java Runtime Environment\1.8.0_111
Check launcher:	C:\Program Files\Java\jre1.8.0_111\bin\javaw.exe (OK)
Match:		1.008.000_111
Check:		SOFTWARE\JavaSoft\Java Runtime Environment\1.8.0_201
Check launcher:	C:\Program Files\Java\jre1.8.0_201\bin\javaw.exe (OK)
Match:		1.008.000_201
64-bit search:	SOFTWARE\JavaSoft\Java Development Kit...
Check:		SOFTWARE\JavaSoft\Java Development Kit\1.8
Ignore:		1.008.000
Check:		SOFTWARE\JavaSoft\Java Development Kit\1.8.0_111
Ignore:		1.008.000_111
64-bit search:	SOFTWARE\JavaSoft\JRE...
64-bit search:	SOFTWARE\JavaSoft\JDK...
Runtime used:	1.008.000_201 (64-bit)
Launcher:	C:\Program Files\Java\jre1.8.0_201\bin\javaw.exe
Launcher args:	-jar "C:\Users\Sebastian\Documents\NetBeansProjects\thelandlord1\exe\TheLandlord.exe"
Args length:	85/32768 chars
Exit code:	0


Version:	3.12
CmdLine:	C:\Users\Sebastian\Documents\NetBeansProjects\thelandlord1\exe\TheLandlord.exe --l4j-debug
WOW64:		yes
Working dir:	C:\Users\Sebastian\Documents\NetBeansProjects\thelandlord1\exe\.
Java min ver:	1.008.000_111
Java max ver:	
64-bit search:	SOFTWARE\JavaSoft\Java Runtime Environment...
Check:		SOFTWARE\JavaSoft\Java Runtime Environment\1.8
Ignore:		1.008.000
Check:		SOFTWARE\JavaSoft\Java Runtime Environment\1.8.0_111
Check launcher:	C:\Program Files\Java\jre1.8.0_111\bin\javaw.exe (OK)
Match:		1.008.000_111
Check:		SOFTWARE\JavaSoft\Java Runtime Environment\1.8.0_201
Check launcher:	C:\Program Files\Java\jre1.8.0_201\bin\javaw.exe (OK)
Match:		1.008.000_201
64-bit search:	SOFTWARE\JavaSoft\Java Development Kit...
Check:		SOFTWARE\JavaSoft\Java Development Kit\1.8
Ignore:		1.008.000
Check:		SOFTWARE\JavaSoft\Java Development Kit\1.8.0_111
Ignore:		1.008.000_111
64-bit search:	SOFTWARE\JavaSoft\JRE...
64-bit search:	SOFTWARE\JavaSoft\JDK...
Runtime used:	1.008.000_201 (64-bit)
Launcher:	C:\Program Files\Java\jre1.8.0_201\bin\javaw.exe
Launcher args:	-jar "C:\Users\Sebastian\Documents\NetBeansProjects\thelandlord1\exe\TheLandlord.exe"
Args length:	85/32768 chars
Exit code:	0


Version:	3.12
CmdLine:	C:\Users\Sebastian\Documents\NetBeansProjects\thelandlord1\exe\TheLandlord.exe --l4j-debug
WOW64:		yes
Working dir:	C:\Users\Sebastian\Documents\NetBeansProjects\thelandlord1\exe\.
Java min ver:	1.008.000_111
Java max ver:	
64-bit search:	SOFTWARE\JavaSoft\Java Runtime Environment...
Check:		SOFTWARE\JavaSoft\Java Runtime Environment\1.8
Ignore:		1.008.000
Check:		SOFTWARE\JavaSoft\Java Runtime Environment\1.8.0_111
Check launcher:	C:\Program Files\Java\jre1.8.0_111\bin\javaw.exe (OK)
Match:		1.008.000_111
Check:		SOFTWARE\JavaSoft\Java Runtime Environment\1.8.0_201
Check launcher:	C:\Program Files\Java\jre1.8.0_201\bin\javaw.exe (OK)
Match:		1.008.000_201
64-bit search:	SOFTWARE\JavaSoft\Java Development Kit...
Check:		SOFTWARE\JavaSoft\Java Development Kit\1.8
Ignore:		1.008.000
Check:		SOFTWARE\JavaSoft\Java Development Kit\1.8.0_111
Ignore:		1.008.000_111
64-bit search:	SOFTWARE\JavaSoft\JRE...
64-bit search:	SOFTWARE\JavaSoft\JDK...
Runtime used:	1.008.000_201 (64-bit)
Launcher:	C:\Program Files\Java\jre1.8.0_201\bin\javaw.exe
Launcher args:	-jar "C:\Users\Sebastian\Documents\NetBeansProjects\thelandlord1\exe\TheLandlord.exe"
Args length:	85/32768 chars
Exit code:	0


Version:	3.12
CmdLine:	C:\Users\Sebastian\Documents\NetBeansProjects\thelandlord1\exe\TheLandlord.exe --l4j-debug
WOW64:		yes
Working dir:	C:\Users\Sebastian\Documents\NetBeansProjects\thelandlord1\exe\.
Java min ver:	1.008.000_111
Java max ver:	
64-bit search:	SOFTWARE\JavaSoft\Java Runtime Environment...
Check:		SOFTWARE\JavaSoft\Java Runtime Environment\1.8
Ignore:		1.008.000
Check:		SOFTWARE\JavaSoft\Java Runtime Environment\1.8.0_111
Check launcher:	C:\Program Files\Java\jre1.8.0_111\bin\javaw.exe (OK)
Match:		1.008.000_111
Check:		SOFTWARE\JavaSoft\Java Runtime Environment\1.8.0_201
Check launcher:	C:\Program Files\Java\jre1.8.0_201\bin\javaw.exe (OK)
Match:		1.008.000_201
64-bit search:	SOFTWARE\JavaSoft\Java Development Kit...
Check:		SOFTWARE\JavaSoft\Java Development Kit\1.8
Ignore:		1.008.000
Check:		SOFTWARE\JavaSoft\Java Development Kit\1.8.0_111
Ignore:		1.008.000_111
64-bit search:	SOFTWARE\JavaSoft\JRE...
64-bit search:	SOFTWARE\JavaSoft\JDK...
Runtime used:	1.008.000_201 (64-bit)
Launcher:	C:\Program Files\Java\jre1.8.0_201\bin\javaw.exe
Launcher args:	-jar "C:\Users\Sebastian\Documents\NetBeansProjects\thelandlord1\exe\TheLandlord.exe"
Args length:	85/32768 chars
Exit code:	0


Version:	3.12
CmdLine:	C:\Users\Sebastian\Documents\NetBeansProjects\thelandlord1\exe\TheLandlord.exe --l4j-debug
WOW64:		yes
Working dir:	C:\Users\Sebastian\Documents\NetBeansProjects\thelandlord1\exe\.
Java min ver:	1.008.000_111
Java max ver:	
64-bit search:	SOFTWARE\JavaSoft\Java Runtime Environment...
Check:		SOFTWARE\JavaSoft\Java Runtime Environment\1.8
Ignore:		1.008.000
Check:		SOFTWARE\JavaSoft\Java Runtime Environment\1.8.0_111
Check launcher:	C:\Program Files\Java\jre1.8.0_111\bin\javaw.exe (OK)
Match:		1.008.000_111
Check:		SOFTWARE\JavaSoft\Java Runtime Environment\1.8.0_201
Check launcher:	C:\Program Files\Java\jre1.8.0_201\bin\javaw.exe (OK)
Match:		1.008.000_201
64-bit search:	SOFTWARE\JavaSoft\Java Development Kit...
Check:		SOFTWARE\JavaSoft\Java Development Kit\1.8
Ignore:		1.008.000
Check:		SOFTWARE\JavaSoft\Java Development Kit\1.8.0_111
Ignore:		1.008.000_111
64-bit search:	SOFTWARE\JavaSoft\JRE...
64-bit search:	SOFTWARE\JavaSoft\JDK...
Runtime used:	1.008.000_201 (64-bit)
Launcher:	C:\Program Files\Java\jre1.8.0_201\bin\javaw.exe
Launcher args:	-jar "C:\Users\Sebastian\Documents\NetBeansProjects\thelandlord1\exe\TheLandlord.exe"
Args length:	85/32768 chars
Exit code:	0


Version:	3.12
CmdLine:	C:\Users\Sebastian\Documents\NetBeansProjects\thelandlord1\exe\TheLandlord.exe --l4j-debug
WOW64:		yes
Working dir:	C:\Users\Sebastian\Documents\NetBeansProjects\thelandlord1\exe\.
Java min ver:	1.008.000_111
Java max ver:	
64-bit search:	SOFTWARE\JavaSoft\Java Runtime Environment...
Check:		SOFTWARE\JavaSoft\Java Runtime Environment\1.8
Ignore:		1.008.000
Check:		SOFTWARE\JavaSoft\Java Runtime Environment\1.8.0_111
Check launcher:	C:\Program Files\Java\jre1.8.0_111\bin\javaw.exe (OK)
Match:		1.008.000_111
Check:		SOFTWARE\JavaSoft\Java Runtime Environment\1.8.0_201
Check launcher:	C:\Program Files\Java\jre1.8.0_201\bin\javaw.exe (OK)
Match:		1.008.000_201
64-bit search:	SOFTWARE\JavaSoft\Java Development Kit...
Check:		SOFTWARE\JavaSoft\Java Development Kit\1.8
Ignore:		1.008.000
Check:		SOFTWARE\JavaSoft\Java Development Kit\1.8.0_111
Ignore:		1.008.000_111
64-bit search:	SOFTWARE\JavaSoft\JRE...
64-bit search:	SOFTWARE\JavaSoft\JDK...
Runtime used:	1.008.000_201 (64-bit)
Launcher:	C:\Program Files\Java\jre1.8.0_201\bin\javaw.exe
Launcher args:	-jar "C:\Users\Sebastian\Documents\NetBeansProjects\thelandlord1\exe\TheLandlord.exe"
Args length:	85/32768 chars
Exit code:	0


Version:	3.12
CmdLine:	C:\Users\RLCXX\Documents\NetBeansProjects\thelandlord\exe\TheLandlord.exe --l4j-debug
WOW64:		yes
Working dir:	C:\Users\RLCXX\Documents\NetBeansProjects\thelandlord\exe\.
Java min ver:	1.008.000_111
Java max ver:	
64-bit search:	SOFTWARE\JavaSoft\Java Runtime Environment...
Check:		SOFTWARE\JavaSoft\Java Runtime Environment\1.8
Ignore:		1.008.000
Check:		SOFTWARE\JavaSoft\Java Runtime Environment\1.8.0_121
Check launcher:	C:\Program Files\Java\Nueva carpeta\bin\javaw.exe (not found)
Ignore:		1.008.000_121
32-bit search:	SOFTWARE\JavaSoft\Java Runtime Environment...
Check:		SOFTWARE\JavaSoft\Java Runtime Environment\1.8
Ignore:		1.008.000
Check:		SOFTWARE\JavaSoft\Java Runtime Environment\1.8.0_101
Ignore:		1.008.000_101
64-bit search:	SOFTWARE\JavaSoft\Java Development Kit...
Check:		SOFTWARE\JavaSoft\Java Development Kit\1.8
Ignore:		1.008.000
Check:		SOFTWARE\JavaSoft\Java Development Kit\1.8.0_121
Check launcher:	C:\Program Files\Java\jdk1.8.0_121\bin\javaw.exe (OK)
Match:		1.008.000_121
64-bit search:	SOFTWARE\JavaSoft\JRE...
64-bit search:	SOFTWARE\JavaSoft\JDK...
Runtime used:	1.008.000_121 (64-bit)
Launcher:	C:\Program Files\Java\jdk1.8.0_121\bin\javaw.exe
Launcher args:	-jar "C:\Users\RLCXX\Documents\NetBeansProjects\thelandlord\exe\TheLandlord.exe"
Args length:	80/32768 chars
Exit code:	0


Version:	3.12
CmdLine:	C:\Users\RLCXX\Documents\NetBeansProjects\thelandlord\exe\TheLandlord.exe --l4j-debug
WOW64:		yes
Working dir:	C:\Users\RLCXX\Documents\NetBeansProjects\thelandlord\exe\.
Java min ver:	1.008.000_111
Java max ver:	
64-bit search:	SOFTWARE\JavaSoft\Java Runtime Environment...
Check:		SOFTWARE\JavaSoft\Java Runtime Environment\1.8
Ignore:		1.008.000
Check:		SOFTWARE\JavaSoft\Java Runtime Environment\1.8.0_121
Check launcher:	C:\Program Files\Java\Nueva carpeta\bin\javaw.exe (not found)
Ignore:		1.008.000_121
32-bit search:	SOFTWARE\JavaSoft\Java Runtime Environment...
Check:		SOFTWARE\JavaSoft\Java Runtime Environment\1.8
Ignore:		1.008.000
Check:		SOFTWARE\JavaSoft\Java Runtime Environment\1.8.0_101
Ignore:		1.008.000_101
64-bit search:	SOFTWARE\JavaSoft\Java Development Kit...
Check:		SOFTWARE\JavaSoft\Java Development Kit\1.8
Ignore:		1.008.000
Check:		SOFTWARE\JavaSoft\Java Development Kit\1.8.0_121
Check launcher:	C:\Program Files\Java\jdk1.8.0_121\bin\javaw.exe (OK)
Match:		1.008.000_121
64-bit search:	SOFTWARE\JavaSoft\JRE...
64-bit search:	SOFTWARE\JavaSoft\JDK...
Runtime used:	1.008.000_121 (64-bit)
Launcher:	C:\Program Files\Java\jdk1.8.0_121\bin\javaw.exe
Launcher args:	-jar "C:\Users\RLCXX\Documents\NetBeansProjects\thelandlord\exe\TheLandlord.exe"
Args length:	80/32768 chars
Exit code:	0


Version:	3.12
CmdLine:	C:\Users\RLCXX\Documents\NetBeansProjects\thelandlord\exe\TheLandlord.exe --l4j-debug
WOW64:		yes
Working dir:	C:\Users\RLCXX\Documents\NetBeansProjects\thelandlord\exe\.
Java min ver:	1.008.000_111
Java max ver:	
64-bit search:	SOFTWARE\JavaSoft\Java Runtime Environment...
Check:		SOFTWARE\JavaSoft\Java Runtime Environment\1.8
Ignore:		1.008.000
Check:		SOFTWARE\JavaSoft\Java Runtime Environment\1.8.0_121
Check launcher:	C:\Program Files\Java\Nueva carpeta\bin\javaw.exe (not found)
Ignore:		1.008.000_121
32-bit search:	SOFTWARE\JavaSoft\Java Runtime Environment...
Check:		SOFTWARE\JavaSoft\Java Runtime Environment\1.8
Ignore:		1.008.000
Check:		SOFTWARE\JavaSoft\Java Runtime Environment\1.8.0_101
Ignore:		1.008.000_101
64-bit search:	SOFTWARE\JavaSoft\Java Development Kit...
Check:		SOFTWARE\JavaSoft\Java Development Kit\1.8
Ignore:		1.008.000
Check:		SOFTWARE\JavaSoft\Java Development Kit\1.8.0_121
Check launcher:	C:\Program Files\Java\jdk1.8.0_121\bin\javaw.exe (OK)
Match:		1.008.000_121
64-bit search:	SOFTWARE\JavaSoft\JRE...
64-bit search:	SOFTWARE\JavaSoft\JDK...
Runtime used:	1.008.000_121 (64-bit)
Launcher:	C:\Program Files\Java\jdk1.8.0_121\bin\javaw.exe
Launcher args:	-jar "C:\Users\RLCXX\Documents\NetBeansProjects\thelandlord\exe\TheLandlord.exe"
Args length:	80/32768 chars
Exit code:	0


Version:	3.12
CmdLine:	C:\Users\RLCXX\Documents\NetBeansProjects\thelandlord\exe\TheLandlord.exe --l4j-debug
WOW64:		yes
Working dir:	C:\Users\RLCXX\Documents\NetBeansProjects\thelandlord\exe\.
Java min ver:	1.008.000_111
Java max ver:	
64-bit search:	SOFTWARE\JavaSoft\Java Runtime Environment...
Check:		SOFTWARE\JavaSoft\Java Runtime Environment\1.8
Ignore:		1.008.000
Check:		SOFTWARE\JavaSoft\Java Runtime Environment\1.8.0_121
Check launcher:	C:\Program Files\Java\Nueva carpeta\bin\javaw.exe (not found)
Ignore:		1.008.000_121
32-bit search:	SOFTWARE\JavaSoft\Java Runtime Environment...
Check:		SOFTWARE\JavaSoft\Java Runtime Environment\1.8
Ignore:		1.008.000
Check:		SOFTWARE\JavaSoft\Java Runtime Environment\1.8.0_101
Ignore:		1.008.000_101
64-bit search:	SOFTWARE\JavaSoft\Java Development Kit...
Check:		SOFTWARE\JavaSoft\Java Development Kit\1.8
Ignore:		1.008.000
Check:		SOFTWARE\JavaSoft\Java Development Kit\1.8.0_121
Check launcher:	C:\Program Files\Java\jdk1.8.0_121\bin\javaw.exe (OK)
Match:		1.008.000_121
64-bit search:	SOFTWARE\JavaSoft\JRE...
64-bit search:	SOFTWARE\JavaSoft\JDK...
Runtime used:	1.008.000_121 (64-bit)
Launcher:	C:\Program Files\Java\jdk1.8.0_121\bin\javaw.exe
Launcher args:	-jar "C:\Users\RLCXX\Documents\NetBeansProjects\thelandlord\exe\TheLandlord.exe"
Args length:	80/32768 chars
Exit code:	0


Version:	3.12
CmdLine:	C:\Users\RLCXX\Documents\NetBeansProjects\thelandlord\exe\TheLandlord.exe --l4j-debug
WOW64:		yes
Working dir:	C:\Users\RLCXX\Documents\NetBeansProjects\thelandlord\exe\.
Java min ver:	1.008.000_111
Java max ver:	
64-bit search:	SOFTWARE\JavaSoft\Java Runtime Environment...
Check:		SOFTWARE\JavaSoft\Java Runtime Environment\1.8
Ignore:		1.008.000
Check:		SOFTWARE\JavaSoft\Java Runtime Environment\1.8.0_121
Check launcher:	C:\Program Files\Java\Nueva carpeta\bin\javaw.exe (not found)
Ignore:		1.008.000_121
32-bit search:	SOFTWARE\JavaSoft\Java Runtime Environment...
Check:		SOFTWARE\JavaSoft\Java Runtime Environment\1.8
Ignore:		1.008.000
Check:		SOFTWARE\JavaSoft\Java Runtime Environment\1.8.0_101
Ignore:		1.008.000_101
64-bit search:	SOFTWARE\JavaSoft\Java Development Kit...
Check:		SOFTWARE\JavaSoft\Java Development Kit\1.8
Ignore:		1.008.000
Check:		SOFTWARE\JavaSoft\Java Development Kit\1.8.0_121
Check launcher:	C:\Program Files\Java\jdk1.8.0_121\bin\javaw.exe (OK)
Match:		1.008.000_121
64-bit search:	SOFTWARE\JavaSoft\JRE...
64-bit search:	SOFTWARE\JavaSoft\JDK...
Runtime used:	1.008.000_121 (64-bit)
Launcher:	C:\Program Files\Java\jdk1.8.0_121\bin\javaw.exe
Launcher args:	-jar "C:\Users\RLCXX\Documents\NetBeansProjects\thelandlord\exe\TheLandlord.exe"
Args length:	80/32768 chars
Exit code:	0


Version:	3.12
CmdLine:	C:\Users\RLCXX\Documents\NetBeansProjects\thelandlord\exe\TheLandlord.exe --l4j-debug
WOW64:		yes
Working dir:	C:\Users\RLCXX\Documents\NetBeansProjects\thelandlord\exe\.
Java min ver:	1.008.000_111
Java max ver:	
64-bit search:	SOFTWARE\JavaSoft\Java Runtime Environment...
Check:		SOFTWARE\JavaSoft\Java Runtime Environment\1.8
Ignore:		1.008.000
Check:		SOFTWARE\JavaSoft\Java Runtime Environment\1.8.0_121
Check launcher:	C:\Program Files\Java\Nueva carpeta\bin\javaw.exe (not found)
Ignore:		1.008.000_121
32-bit search:	SOFTWARE\JavaSoft\Java Runtime Environment...
Check:		SOFTWARE\JavaSoft\Java Runtime Environment\1.8
Ignore:		1.008.000
Check:		SOFTWARE\JavaSoft\Java Runtime Environment\1.8.0_101
Ignore:		1.008.000_101
64-bit search:	SOFTWARE\JavaSoft\Java Development Kit...
Check:		SOFTWARE\JavaSoft\Java Development Kit\1.8
Ignore:		1.008.000
Check:		SOFTWARE\JavaSoft\Java Development Kit\1.8.0_121
Check launcher:	C:\Program Files\Java\jdk1.8.0_121\bin\javaw.exe (OK)
Match:		1.008.000_121
64-bit search:	SOFTWARE\JavaSoft\JRE...
64-bit search:	SOFTWARE\JavaSoft\JDK...
Runtime used:	1.008.000_121 (64-bit)
Launcher:	C:\Program Files\Java\jdk1.8.0_121\bin\javaw.exe
Launcher args:	-jar "C:\Users\RLCXX\Documents\NetBeansProjects\thelandlord\exe\TheLandlord.exe"
Args length:	80/32768 chars
Exit code:	0
